\BOOKMARK [0][-]{chapter*.4}{\376\377\000\332\000v\000o\000d}{}% 1
\BOOKMARK [0][-]{chapter.1}{\376\377\000K\000o\000s\000m\000i\000c\000k\000\351\000\040\000z\000\341\001\131\000e\000n\000\355\000\040\000v\000\040\000b\000l\000\355\000z\000k\000\351\000m\000\040\000o\000k\000o\000l\000\355\000\040\000Z\000e\000m\001\033}{}% 2
\BOOKMARK [1][-]{section.1.1}{\376\377\000Z\000d\000r\000o\000j\000e\000\040\000k\000o\000s\000m\000i\000c\000k\000\351\000h\000o\000\040\000z\000\341\001\131\000e\000n\000\355\000\040\000v\000\040\000b\000l\000\355\000z\000k\000\351\000m\000\040\000o\000k\000o\000l\000\355\000\040\000Z\000e\000m\001\033}{chapter.1}% 3
\BOOKMARK [2][-]{subsection.1.1.1}{\376\377\000G\000a\000l\000a\000k\000t\000i\000c\000k\000\351\000\040\000k\000o\000s\000m\000i\000c\000k\000\351\000\040\000z\000\341\001\131\000e\000n\000\355}{section.1.1}% 4
\BOOKMARK [2][-]{subsection.1.1.2}{\376\377\000Z\000e\000m\000s\000k\000\351\000\040\000r\000a\000d\000i\000a\001\015\000n\000\355\000\040\000p\000\341\000s\000y}{section.1.1}% 5
\BOOKMARK [2][-]{subsection.1.1.3}{\376\377\000S\000l\000u\000n\000e\001\015\000n\000\355\000\040\000u\000d\000\341\000l\000o\000s\000t\000i\000\040\000s\000\040\000e\000m\000i\000s\000\355\000\040\001\015\000\341\000s\000t\000i\000c}{section.1.1}% 6
\BOOKMARK [2][-]{subsection.1.1.4}{\376\377\000S\000e\000k\000u\000n\000d\000\341\000r\000n\000\355\000\040\001\015\000\341\000s\000t\000i\000c\000e}{section.1.1}% 7
\BOOKMARK [1][-]{section.1.2}{\376\377\000F\000a\000k\000t\000o\000r\000y\000\040\000o\000v\000l\000i\000v\001\110\000u\000j\000\355\000c\000\355\000\040\000k\000o\000s\000m\000i\000c\000k\000\351\000\040\000z\000\341\001\131\000e\000n\000\355\000\040\000v\000\040\000b\000l\000\355\000z\000k\000\351\000m\000\040\000o\000k\000o\000l\000\355\000\040\000Z\000e\000m\001\033}{chapter.1}% 8
\BOOKMARK [2][-]{subsection.1.2.1}{\376\377\000F\000\341\000z\000e\000\040\000s\000l\000u\000n\000e\001\015\000n\000\355\000h\000o\000\040\000c\000y\000k\000l\000u}{section.1.2}% 9
\BOOKMARK [2][-]{subsection.1.2.2}{\376\377\000S\000k\000l\000o\000n\000\040\000o\000b\001\033\001\176\000n\000\351\000\040\000d\000r\000\341\000h\000y}{section.1.2}% 10
\BOOKMARK [2][-]{subsection.1.2.3}{\376\377\000N\000a\000d\000m\000o\001\131\000s\000k\000\341\000\040\000v\000\375\001\141\000k\000a}{section.1.2}% 11
\BOOKMARK [2][-]{subsection.1.2.4}{\376\377\000V\000\375\000c\000h\000o\000d\000n\000\355\000/\000z\000\341\000p\000a\000d\000n\000\355\000\040\000a\000n\000i\000z\000o\000t\000r\000o\000p\000i\000e\000\040\000z\000a\000c\000h\000y\000c\000e\000n\000\375\000c\000h\000\040\000p\000r\000o\000t\000o\000n\001\157}{section.1.2}% 12
\BOOKMARK [2][-]{subsection.1.2.5}{\376\377\000S\000t\000\355\000n\001\033\000n\000\355}{section.1.2}% 13
\BOOKMARK [0][-]{chapter.2}{\376\377\000P\000a\000s\000i\000v\000n\000\355\000\040\000d\000e\000t\000e\000k\000t\000o\000r\000y\000\040\000p\000o\000u\001\176\000\355\000v\000a\000n\000\351\000\040\000k\000\040\000m\000o\000n\000i\000t\000o\000r\000o\000v\000\341\000n\000\355\000\040\000k\000o\000s\000m\000i\000c\000k\000\351\000h\000o\000\040\000z\000\341\001\131\000e\000n\000\355}{}% 14
\BOOKMARK [1][-]{section.2.1}{\376\377\000T\000e\000r\000m\000o\000l\000u\000m\000i\000n\000i\000s\000c\000e\000n\001\015\000n\000\355\000\040\000d\000e\000t\000e\000k\000t\000o\000r\000y}{chapter.2}% 15
\BOOKMARK [1][-]{section.2.2}{\376\377\000D\000e\000t\000e\000k\000t\000o\000r\000y\000\040\000s\000t\000o\000p\000\040\000v\000\040\000p\000e\000v\000n\000\351\000\040\000f\000\341\000z\000i}{chapter.2}% 16
\BOOKMARK [2][-]{subsection.2.2.1}{\376\377\000V\000y\000h\000o\000d\000n\000o\000c\000o\000v\000\341\000n\000\355}{section.2.2}% 17
\BOOKMARK [0][-]{chapter.3}{\376\377\000M\000e\000z\000i\000n\000\341\000r\000o\000d\000n\000\355\000\040\000k\000o\000s\000m\000i\000c\000k\000\341\000\040\000s\000t\000a\000n\000i\000c\000e}{}% 18
\BOOKMARK [1][-]{section.3.1}{\376\377\000M\000o\000d\000u\000l\000\040\000C\000o\000l\000u\000m\000b\000u\000s}{chapter.3}% 19
\BOOKMARK [0][-]{chapter.4}{\376\377\000E\000x\000p\000e\000r\000i\000m\000e\000n\000t\000y\000\040\000D\000O\000S\000I\000S\000\040\000a\000\040\000D\000O\000S\000I\000S\000\040\0003\000D}{}% 20
\BOOKMARK [1][-]{section.4.1}{\376\377\000R\000o\000z\000m\000\355\000s\000t\001\033\000n\000\355\000\040\000p\000a\000s\000i\000v\000n\000\355\000c\000h\000\040\000d\000e\000t\000e\000k\000t\000o\000r\001\157}{chapter.4}% 21
\BOOKMARK [1][-]{section.4.2}{\376\377\000P\000r\001\157\000b\001\033\000h\000\040\000e\000x\000p\000e\000r\000i\000m\000e\000n\000t\001\157}{chapter.4}% 22
\BOOKMARK [2][-]{subsection.4.2.1}{\376\377\000V\000\375\000v\000o\000j\000\040\000n\000a\000d\000m\000o\001\131\000s\000k\000\351\000\040\000v\000\375\001\141\000k\000y\000\040\000a\000\040\000s\000l\000u\000n\000e\001\015\000n\000\355\000h\000o\000\040\000c\000y\000k\000l\000u}{section.4.2}% 23
\BOOKMARK [1][-]{section.4.3}{\376\377\000P\000o\000u\001\176\000\355\000v\000a\000n\000\351\000\040\000d\000e\000t\000e\000k\000t\000o\000r\000y}{chapter.4}% 24
\BOOKMARK [2][-]{subsection.4.3.1}{\376\377\000T\000e\000r\000m\000o\000l\000u\000m\000i\000n\000i\000s\000c\000e\000n\001\015\000n\000\355\000\040\000d\000e\000t\000e\000k\000t\000o\000r\000y}{section.4.3}% 25
\BOOKMARK [2][-]{subsection.4.3.2}{\376\377\000O\000p\000t\000i\000c\000k\000y\000\040\000s\000t\000i\000m\000u\000l\000o\000v\000a\000n\000\351\000\040\000l\000u\000m\000i\000n\000i\000s\000c\000e\000n\001\015\000n\000\355\000\040\000d\000e\000t\000e\000k\000t\000o\000r\000y}{section.4.3}% 26
\BOOKMARK [2][-]{subsection.4.3.3}{\376\377\000D\000e\000t\000e\000k\000t\000o\000r\000y\000\040\000s\000t\000o\000p\000\040\000v\000\040\000p\000e\000v\000n\000\351\000\040\000f\000\341\000z\000i}{section.4.3}% 27
\BOOKMARK [2][-]{subsection.4.3.4}{\376\377\000A\000k\000t\000i\000v\000n\000\355\000\040\000d\000e\000t\000e\000k\000t\000o\000r\000y\000\040\000D\000O\000S\000T\000E\000L}{section.4.3}% 28
\BOOKMARK [1][-]{section.4.4}{\376\377\000V\000\375\000s\000l\000e\000d\000k\000y}{chapter.4}% 29
\BOOKMARK [2][-]{subsection.4.4.1}{\376\377\000S\000r\000o\000v\000n\000\341\000n\000\355\000\040\000d\000a\000t\000\040\000p\000a\000s\000i\000v\000n\000\355\000c\000h\000\040\000d\000e\000t\000e\000k\000t\000o\000r\001\157\000\040\000v\000\040\000r\000\341\000m\000c\000i\000\040\000j\000e\000d\000n\000\351\000\040\000s\000a\000d\000y}{section.4.4}% 30
\BOOKMARK [2][-]{subsection.4.4.2}{\376\377\000S\000r\000o\000v\000n\000\341\000n\000\355\000\040\000d\000a\000t\000\040\000z\000\040\000o\000s\000m\000i\000\040\000s\000a\000d\000\040\000p\000r\000o\000\040\000j\000e\000d\000e\000n\000\040\000d\000r\000u\000h\000\040\000p\000a\000s\000i\000v\000n\000\355\000h\000o\000\040\000d\000e\000t\000e\000k\000t\000o\000r\000u}{section.4.4}% 31
\BOOKMARK [2][-]{subsection.4.4.3}{\376\377\000S\000r\000o\000v\000n\000\341\000n\000\355\000\040\000d\000a\000t\000\040\000p\000a\000s\000i\000v\000n\000\355\000c\000h\000\040\000a\000\040\000a\000k\000t\000i\000v\000n\000\355\000c\000h\000\040\000d\000e\000t\000e\000k\000t\000o\000r\001\157}{section.4.4}% 32
\BOOKMARK [0][-]{chapter.5}{\376\377\000V\000y\000h\000o\000d\000n\000o\000c\000e\000n\000\355\000\040\000d\000e\000t\000e\000k\000t\000o\000r\001\157\000\040\000s\000t\000o\000p\000\040\000v\000\040\000p\000e\000v\000n\000\351\000\040\000f\000\341\000z\000i\000\040\000\050\000p\000r\000a\000k\000t\000i\000c\000k\000\341\000\040\001\015\000\341\000s\000t\000\051}{}% 33
\BOOKMARK [1][-]{section.5.1}{\376\377\000M\000e\000t\000o\000d\000i\000k\000a}{chapter.5}% 34
\BOOKMARK [1][-]{section.5.2}{\376\377\000V\000y\000h\000o\000d\000n\000o\000c\000e\000n\000\355}{chapter.5}% 35
\BOOKMARK [0][-]{chapter*.35}{\376\377\000Z\000\341\000v\001\033\000r}{}% 36
